...found 10 targets...
...updating 4 targets...
common.mkdir libs\config\checks\architecture\bin\msvc-12.0
common.mkdir libs\config\checks\architecture\bin\msvc-12.0\dbg
common.mkdir libs\config\checks\architecture\bin\msvc-12.0\dbg\thrd-mlt
compile-c-c++ libs\config\checks\architecture\bin\msvc-12.0\dbg\thrd-mlt\32.obj
32.cpp
...updated 4 targets...
...found 2 targets...
...updating 1 target...
compile-c-c++ libs\config\checks\architecture\bin\msvc-12.0\dbg\thrd-mlt\arm.obj
arm.cpp
libs\config\checks\architecture\arm.cpp(12) : fatal error C1189: #error :  "Not ARM"

    call "C:\Users\STEPHA~1\AppData\Local\Temp\b2_msvc_12.0_vcvarsall_x86.cmd" >nul
cl /Zm800 -nologo @"libs\config\checks\architecture\bin\msvc-12.0\dbg\thrd-mlt\arm.obj.rsp" 

...failed compile-c-c++ libs\config\checks\architecture\bin\msvc-12.0\dbg\thrd-mlt\arm.obj...
...failed updating 1 target...
...found 2 targets...
...updating 1 target...
compile-c-c++ libs\config\checks\architecture\bin\msvc-12.0\dbg\thrd-mlt\mips1.obj
mips1.cpp
libs\config\checks\architecture\mips1.cpp(10) : fatal error C1189: #error :  "Not MIPS1"

    call "C:\Users\STEPHA~1\AppData\Local\Temp\b2_msvc_12.0_vcvarsall_x86.cmd" >nul
cl /Zm800 -nologo @"libs\config\checks\architecture\bin\msvc-12.0\dbg\thrd-mlt\mips1.obj.rsp" 

...failed compile-c-c++ libs\config\checks\architecture\bin\msvc-12.0\dbg\thrd-mlt\mips1.obj...
...failed updating 1 target...
...found 2 targets...
...updating 1 target...
compile-c-c++ libs\config\checks\architecture\bin\msvc-12.0\dbg\thrd-mlt\power.obj
power.cpp
libs\config\checks\architecture\power.cpp(13) : fatal error C1189: #error :  "Not PPC"

    call "C:\Users\STEPHA~1\AppData\Local\Temp\b2_msvc_12.0_vcvarsall_x86.cmd" >nul
cl /Zm800 -nologo @"libs\config\checks\architecture\bin\msvc-12.0\dbg\thrd-mlt\power.obj.rsp" 

...failed compile-c-c++ libs\config\checks\architecture\bin\msvc-12.0\dbg\thrd-mlt\power.obj...
...failed updating 1 target...
...found 2 targets...
...updating 1 target...
compile-c-c++ libs\config\checks\architecture\bin\msvc-12.0\dbg\thrd-mlt\sparc.obj
sparc.cpp
libs\config\checks\architecture\sparc.cpp(10) : fatal error C1189: #error :  "Not SPARC"

    call "C:\Users\STEPHA~1\AppData\Local\Temp\b2_msvc_12.0_vcvarsall_x86.cmd" >nul
cl /Zm800 -nologo @"libs\config\checks\architecture\bin\msvc-12.0\dbg\thrd-mlt\sparc.obj.rsp" 

...failed compile-c-c++ libs\config\checks\architecture\bin\msvc-12.0\dbg\thrd-mlt\sparc.obj...
...failed updating 1 target...
...found 2 targets...
...updating 1 target...
compile-c-c++ libs\config\checks\architecture\bin\msvc-12.0\dbg\thrd-mlt\x86.obj
x86.cpp
...updated 1 target...
...found 15 targets...
...updating 6 targets...
common.mkdir bin.v2\libs\regex\build\msvc-12.0
common.mkdir bin.v2\libs\regex\build\msvc-12.0\dbg
common.mkdir bin.v2\libs\regex\build\msvc-12.0\dbg\thrd-mlt
compile-c-c++ bin.v2\libs\regex\build\msvc-12.0\dbg\thrd-mlt\has_icu_test.obj
has_icu_test.cpp
libs\regex\build\has_icu_test.cpp(12) : fatal error C1083: Cannot open include file: 'unicode/uversion.h': No such file or directory

    call "C:\Users\STEPHA~1\AppData\Local\Temp\b2_msvc_12.0_vcvarsall_x86.cmd" >nul
cl /Zm800 -nologo @"bin.v2\libs\regex\build\msvc-12.0\dbg\thrd-mlt\has_icu_test.obj.rsp" 

...failed compile-c-c++ bin.v2\libs\regex\build\msvc-12.0\dbg\thrd-mlt\has_icu_test.obj...
...skipped <pbin.v2\libs\regex\build\msvc-12.0\dbg\thrd-mlt>has_icu.exe for lack of <pbin.v2\libs\regex\build\msvc-12.0\dbg\thrd-mlt>has_icu_test.obj...
...skipped <pbin.v2\libs\regex\build\msvc-12.0\dbg\thrd-mlt>has_icu.pdb for lack of <pbin.v2\libs\regex\build\msvc-12.0\dbg\thrd-mlt>has_icu_test.obj...
...failed updating 1 target...
...skipped 2 targets...
...updated 3 targets...
...found 9 targets...
...updating 6 targets...
common.mkdir bin.v2\standalone\ac
common.mkdir bin.v2\standalone\ac\msvc-12.0
common.mkdir bin.v2\standalone\ac\msvc-12.0\dbg
common.mkdir bin.v2\standalone\ac\msvc-12.0\dbg\thrd-mlt
compile-c-c++ bin.v2\standalone\ac\msvc-12.0\dbg\thrd-mlt\zlib.h.obj
zlib.h.cpp
bin.v2\standalone\ac\zlib.h.cpp(1) : fatal error C1083: Cannot open include file: 'zlib.h': No such file or directory

    call "C:\Users\STEPHA~1\AppData\Local\Temp\b2_msvc_12.0_vcvarsall_x86.cmd" >nul
cl /Zm800 -nologo @"bin.v2\standalone\ac\msvc-12.0\dbg\thrd-mlt\zlib.h.obj.rsp" 

...failed compile-c-c++ bin.v2\standalone\ac\msvc-12.0\dbg\thrd-mlt\zlib.h.obj...
...failed updating 1 target...
...updated 5 targets...
...found 6 targets...
...updating 4 targets...
compile-c-c++ bin.v2\standalone\ac\msvc-12.0\dbg\thrd-mlt\main.obj
main.cpp
msvc.link bin.v2\standalone\ac\msvc-12.0\dbg\thrd-mlt\z.exe
LINK : fatal error LNK1181: cannot open input file 'z.lib'

        call "C:\Users\STEPHA~1\AppData\Local\Temp\b2_msvc_12.0_vcvarsall_x86.cmd" >nul
link /NOLOGO /INCREMENTAL:NO /DEBUG /MACHINE:X86 /MANIFEST /subsystem:console /out:"bin.v2\standalone\ac\msvc-12.0\dbg\thrd-mlt\z.exe"   @"bin.v2\standalone\ac\msvc-12.0\dbg\thrd-mlt\z.exe.rsp"
        if %ERRORLEVEL% NEQ 0 EXIT %ERRORLEVEL%
    
...failed msvc.link bin.v2\standalone\ac\msvc-12.0\dbg\thrd-mlt\z.exe bin.v2\standalone\ac\msvc-12.0\dbg\thrd-mlt\z.pdb...
...failed updating 2 targets...
...updated 2 targets...
...found 2 targets...
...updating 2 targets...
msvc.link bin.v2\standalone\ac\msvc-12.0\dbg\thrd-mlt\zlib.exe
LINK : fatal error LNK1181: cannot open input file 'zlib.lib'

        call "C:\Users\STEPHA~1\AppData\Local\Temp\b2_msvc_12.0_vcvarsall_x86.cmd" >nul
link /NOLOGO /INCREMENTAL:NO /DEBUG /MACHINE:X86 /MANIFEST /subsystem:console /out:"bin.v2\standalone\ac\msvc-12.0\dbg\thrd-mlt\zlib.exe"   @"bin.v2\standalone\ac\msvc-12.0\dbg\thrd-mlt\zlib.exe.rsp"
        if %ERRORLEVEL% NEQ 0 EXIT %ERRORLEVEL%
    
...failed msvc.link bin.v2\standalone\ac\msvc-12.0\dbg\thrd-mlt\zlib.exe bin.v2\standalone\ac\msvc-12.0\dbg\thrd-mlt\zlib.pdb...
...failed updating 2 targets...
...found 2 targets...
...updating 2 targets...
msvc.link bin.v2\standalone\ac\msvc-12.0\dbg\thrd-mlt\zll.exe
LINK : fatal error LNK1181: cannot open input file 'zll.lib'

        call "C:\Users\STEPHA~1\AppData\Local\Temp\b2_msvc_12.0_vcvarsall_x86.cmd" >nul
link /NOLOGO /INCREMENTAL:NO /DEBUG /MACHINE:X86 /MANIFEST /subsystem:console /out:"bin.v2\standalone\ac\msvc-12.0\dbg\thrd-mlt\zll.exe"   @"bin.v2\standalone\ac\msvc-12.0\dbg\thrd-mlt\zll.exe.rsp"
        if %ERRORLEVEL% NEQ 0 EXIT %ERRORLEVEL%
    
...failed msvc.link bin.v2\standalone\ac\msvc-12.0\dbg\thrd-mlt\zll.exe bin.v2\standalone\ac\msvc-12.0\dbg\thrd-mlt\zll.pdb...
...failed updating 2 targets...
...found 2 targets...
...updating 2 targets...
msvc.link bin.v2\standalone\ac\msvc-12.0\dbg\thrd-mlt\zdll.exe
LINK : fatal error LNK1181: cannot open input file 'zdll.lib'

        call "C:\Users\STEPHA~1\AppData\Local\Temp\b2_msvc_12.0_vcvarsall_x86.cmd" >nul
link /NOLOGO /INCREMENTAL:NO /DEBUG /MACHINE:X86 /MANIFEST /subsystem:console /out:"bin.v2\standalone\ac\msvc-12.0\dbg\thrd-mlt\zdll.exe"   @"bin.v2\standalone\ac\msvc-12.0\dbg\thrd-mlt\zdll.exe.rsp"
        if %ERRORLEVEL% NEQ 0 EXIT %ERRORLEVEL%
    
...failed msvc.link bin.v2\standalone\ac\msvc-12.0\dbg\thrd-mlt\zdll.exe bin.v2\standalone\ac\msvc-12.0\dbg\thrd-mlt\zdll.pdb...
...failed updating 2 targets...
...found 5 targets...
...updating 5 targets...
common.mkdir bin.v2\standalone\ac\msvc-12.0\dbg\lnk-sttc
common.mkdir bin.v2\standalone\ac\msvc-12.0\dbg\lnk-sttc\thrd-mlt
compile-c-c++ bin.v2\standalone\ac\msvc-12.0\dbg\lnk-sttc\thrd-mlt\main.obj
main.cpp
msvc.link bin.v2\standalone\ac\msvc-12.0\dbg\lnk-sttc\thrd-mlt\z.exe
LINK : fatal error LNK1181: cannot open input file 'z.lib'

        call "C:\Users\STEPHA~1\AppData\Local\Temp\b2_msvc_12.0_vcvarsall_x86.cmd" >nul
link /NOLOGO /INCREMENTAL:NO /DEBUG /MACHINE:X86 /MANIFEST /subsystem:console /out:"bin.v2\standalone\ac\msvc-12.0\dbg\lnk-sttc\thrd-mlt\z.exe"   @"bin.v2\standalone\ac\msvc-12.0\dbg\lnk-sttc\thrd-mlt\z.exe.rsp"
        if %ERRORLEVEL% NEQ 0 EXIT %ERRORLEVEL%
    
...failed msvc.link bin.v2\standalone\ac\msvc-12.0\dbg\lnk-sttc\thrd-mlt\z.exe bin.v2\standalone\ac\msvc-12.0\dbg\lnk-sttc\thrd-mlt\z.pdb...
...failed updating 2 targets...
...updated 3 targets...
...found 2 targets...
...updating 2 targets...
msvc.link bin.v2\standalone\ac\msvc-12.0\dbg\lnk-sttc\thrd-mlt\zlib.exe
LINK : fatal error LNK1181: cannot open input file 'zlib.lib'

        call "C:\Users\STEPHA~1\AppData\Local\Temp\b2_msvc_12.0_vcvarsall_x86.cmd" >nul
link /NOLOGO /INCREMENTAL:NO /DEBUG /MACHINE:X86 /MANIFEST /subsystem:console /out:"bin.v2\standalone\ac\msvc-12.0\dbg\lnk-sttc\thrd-mlt\zlib.exe"   @"bin.v2\standalone\ac\msvc-12.0\dbg\lnk-sttc\thrd-mlt\zlib.exe.rsp"
        if %ERRORLEVEL% NEQ 0 EXIT %ERRORLEVEL%
    
...failed msvc.link bin.v2\standalone\ac\msvc-12.0\dbg\lnk-sttc\thrd-mlt\zlib.exe bin.v2\standalone\ac\msvc-12.0\dbg\lnk-sttc\thrd-mlt\zlib.pdb...
...failed updating 2 targets...
...found 2 targets...
...updating 2 targets...
msvc.link bin.v2\standalone\ac\msvc-12.0\dbg\lnk-sttc\thrd-mlt\zll.exe
LINK : fatal error LNK1181: cannot open input file 'zll.lib'

        call "C:\Users\STEPHA~1\AppData\Local\Temp\b2_msvc_12.0_vcvarsall_x86.cmd" >nul
link /NOLOGO /INCREMENTAL:NO /DEBUG /MACHINE:X86 /MANIFEST /subsystem:console /out:"bin.v2\standalone\ac\msvc-12.0\dbg\lnk-sttc\thrd-mlt\zll.exe"   @"bin.v2\standalone\ac\msvc-12.0\dbg\lnk-sttc\thrd-mlt\zll.exe.rsp"
        if %ERRORLEVEL% NEQ 0 EXIT %ERRORLEVEL%
    
...failed msvc.link bin.v2\standalone\ac\msvc-12.0\dbg\lnk-sttc\thrd-mlt\zll.exe bin.v2\standalone\ac\msvc-12.0\dbg\lnk-sttc\thrd-mlt\zll.pdb...
...failed updating 2 targets...
...found 2 targets...
...updating 2 targets...
msvc.link bin.v2\standalone\ac\msvc-12.0\dbg\lnk-sttc\thrd-mlt\zdll.exe
LINK : fatal error LNK1181: cannot open input file 'zdll.lib'

        call "C:\Users\STEPHA~1\AppData\Local\Temp\b2_msvc_12.0_vcvarsall_x86.cmd" >nul
link /NOLOGO /INCREMENTAL:NO /DEBUG /MACHINE:X86 /MANIFEST /subsystem:console /out:"bin.v2\standalone\ac\msvc-12.0\dbg\lnk-sttc\thrd-mlt\zdll.exe"   @"bin.v2\standalone\ac\msvc-12.0\dbg\lnk-sttc\thrd-mlt\zdll.exe.rsp"
        if %ERRORLEVEL% NEQ 0 EXIT %ERRORLEVEL%
    
...failed msvc.link bin.v2\standalone\ac\msvc-12.0\dbg\lnk-sttc\thrd-mlt\zdll.exe bin.v2\standalone\ac\msvc-12.0\dbg\lnk-sttc\thrd-mlt\zdll.pdb...
...failed updating 2 targets...
...found 10 targets...
...updating 7 targets...
common.mkdir bin.v2\libs\locale\build
common.mkdir bin.v2\libs\locale\build\msvc-12.0
common.mkdir bin.v2\libs\locale\build\msvc-12.0\dbg
common.mkdir bin.v2\libs\locale\build\msvc-12.0\dbg\thrd-mlt
compile-c-c++ bin.v2\libs\locale\build\msvc-12.0\dbg\thrd-mlt\has_iconv_libc_obj.obj
has_iconv.cpp
libs\locale\src\..\build\has_iconv.cpp(8) : fatal error C1083: Cannot open include file: 'iconv.h': No such file or directory

    call "C:\Users\STEPHA~1\AppData\Local\Temp\b2_msvc_12.0_vcvarsall_x86.cmd" >nul
cl /Zm800 -nologo @"bin.v2\libs\locale\build\msvc-12.0\dbg\thrd-mlt\has_iconv_libc_obj.obj.rsp" 

...failed compile-c-c++ bin.v2\libs\locale\build\msvc-12.0\dbg\thrd-mlt\has_iconv_libc_obj.obj...
...skipped <pbin.v2\libs\locale\build\msvc-12.0\dbg\thrd-mlt>has_iconv.exe for lack of <pbin.v2\libs\locale\build\msvc-12.0\dbg\thrd-mlt>has_iconv_libc_obj.obj...
...skipped <pbin.v2\libs\locale\build\msvc-12.0\dbg\thrd-mlt>has_iconv.pdb for lack of <pbin.v2\libs\locale\build\msvc-12.0\dbg\thrd-mlt>has_iconv_libc_obj.obj...
...failed updating 1 target...
...skipped 2 targets...
...updated 4 targets...
...found 3 targets...
...updating 3 targets...
compile-c-c++ bin.v2\libs\locale\build\msvc-12.0\dbg\thrd-mlt\has_iconv_libc_ext.obj
has_iconv.cpp
libs\locale\src\..\build\has_iconv.cpp(8) : fatal error C1083: Cannot open include file: 'iconv.h': No such file or directory

    call "C:\Users\STEPHA~1\AppData\Local\Temp\b2_msvc_12.0_vcvarsall_x86.cmd" >nul
cl /Zm800 -nologo @"bin.v2\libs\locale\build\msvc-12.0\dbg\thrd-mlt\has_iconv_libc_ext.obj.rsp" 

...failed compile-c-c++ bin.v2\libs\locale\build\msvc-12.0\dbg\thrd-mlt\has_iconv_libc_ext.obj...
...skipped <pbin.v2\libs\locale\build\msvc-12.0\dbg\thrd-mlt>has_external_iconv.exe for lack of <pbin.v2\libs\locale\build\msvc-12.0\dbg\thrd-mlt>has_iconv_libc_ext.obj...
...skipped <pbin.v2\libs\locale\build\msvc-12.0\dbg\thrd-mlt>has_external_iconv.pdb for lack of <pbin.v2\libs\locale\build\msvc-12.0\dbg\thrd-mlt>has_iconv_libc_ext.obj...
...failed updating 1 target...
...skipped 2 targets...
...found 5 targets...
...updating 3 targets...
compile-c-c++ bin.v2\libs\locale\build\msvc-12.0\dbg\thrd-mlt\has_icu_obj.obj
has_icu_test.cpp
libs\locale\src\..\build\has_icu_test.cpp(12) : fatal error C1083: Cannot open include file: 'unicode/uversion.h': No such file or directory

    call "C:\Users\STEPHA~1\AppData\Local\Temp\b2_msvc_12.0_vcvarsall_x86.cmd" >nul
cl /Zm800 -nologo @"bin.v2\libs\locale\build\msvc-12.0\dbg\thrd-mlt\has_icu_obj.obj.rsp" 

...failed compile-c-c++ bin.v2\libs\locale\build\msvc-12.0\dbg\thrd-mlt\has_icu_obj.obj...
...skipped <pbin.v2\libs\locale\build\msvc-12.0\dbg\thrd-mlt>has_icu.exe for lack of <pbin.v2\libs\locale\build\msvc-12.0\dbg\thrd-mlt>has_icu_obj.obj...
...skipped <pbin.v2\libs\locale\build\msvc-12.0\dbg\thrd-mlt>has_icu.pdb for lack of <pbin.v2\libs\locale\build\msvc-12.0\dbg\thrd-mlt>has_icu_obj.obj...
...failed updating 1 target...
...skipped 2 targets...
...found 3 targets...
...updating 3 targets...
compile-c-c++ bin.v2\libs\locale\build\msvc-12.0\dbg\thrd-mlt\has_icu64_obj.obj
has_icu_test.cpp
libs\locale\src\..\build\has_icu_test.cpp(12) : fatal error C1083: Cannot open include file: 'unicode/uversion.h': No such file or directory

    call "C:\Users\STEPHA~1\AppData\Local\Temp\b2_msvc_12.0_vcvarsall_x86.cmd" >nul
cl /Zm800 -nologo @"bin.v2\libs\locale\build\msvc-12.0\dbg\thrd-mlt\has_icu64_obj.obj.rsp" 

...failed compile-c-c++ bin.v2\libs\locale\build\msvc-12.0\dbg\thrd-mlt\has_icu64_obj.obj...
...skipped <pbin.v2\libs\locale\build\msvc-12.0\dbg\thrd-mlt>has_icu64.exe for lack of <pbin.v2\libs\locale\build\msvc-12.0\dbg\thrd-mlt>has_icu64_obj.obj...
...skipped <pbin.v2\libs\locale\build\msvc-12.0\dbg\thrd-mlt>has_icu64.pdb for lack of <pbin.v2\libs\locale\build\msvc-12.0\dbg\thrd-mlt>has_icu64_obj.obj...
...failed updating 1 target...
...skipped 2 targets...
...found 12 targets...
...updating 10 targets...
common.mkdir bin.v2\libs\log
common.mkdir bin.v2\libs\log\config
common.mkdir bin.v2\libs\log\config\message-compiler
common.mkdir bin.v2\libs\log\config\message-compiler\msvc-12.0
common.mkdir bin.v2\libs\log\config\message-compiler\msvc-12.0\dbg
common.mkdir bin.v2\libs\log\config\message-compiler\msvc-12.0\dbg\pch-off
common.mkdir bin.v2\libs\log\config\message-compiler\msvc-12.0\dbg\pch-off\thrd-mlt
msvc.compile.mc bin.v2\libs\log\config\message-compiler\msvc-12.0\dbg\pch-off\thrd-mlt\simple_event_log.h
MC: Compiling libs\log\src\simple_event_log.mc
msvc.compile.rc bin.v2\libs\log\config\message-compiler\msvc-12.0\dbg\pch-off\thrd-mlt\simple_event_log_res.obj
Microsoft (R) Windows (R) Resource Compiler Version 6.3.9600.17336
Copyright (C) Microsoft Corporation.  All rights reserved.

...updated 10 targets...
...found 8 targets...
...updating 6 targets...
common.mkdir bin.v2\libs\log\config\x86-ext
common.mkdir bin.v2\libs\log\config\x86-ext\msvc-12.0
common.mkdir bin.v2\libs\log\config\x86-ext\msvc-12.0\dbg
common.mkdir bin.v2\libs\log\config\x86-ext\msvc-12.0\dbg\pch-off
common.mkdir bin.v2\libs\log\config\x86-ext\msvc-12.0\dbg\pch-off\thrd-mlt
compile-c-c++ bin.v2\libs\log\config\x86-ext\msvc-12.0\dbg\pch-off\thrd-mlt\ssse3.obj
ssse3.cpp
...updated 6 targets...
...found 3 targets...
...updating 1 target...
compile-c-c++ bin.v2\libs\log\config\x86-ext\msvc-12.0\dbg\pch-off\thrd-mlt\avx2.obj
avx2.cpp
...updated 1 target...
...found 7 targets...
...updating 6 targets...
common.mkdir bin.v2\libs\math
common.mkdir bin.v2\libs\math\config
common.mkdir bin.v2\libs\math\config\msvc-12.0
common.mkdir bin.v2\libs\math\config\msvc-12.0\dbg
common.mkdir bin.v2\libs\math\config\msvc-12.0\dbg\thrd-mlt
compile-c-c++ bin.v2\libs\math\config\msvc-12.0\dbg\thrd-mlt\has_gcc_visibility.obj
has_gcc_visibility.cpp
libs\math\config\has_gcc_visibility.cpp(7) : fatal error C1189: #error :  "This is a GCC specific test case".

    call "C:\Users\STEPHA~1\AppData\Local\Temp\b2_msvc_12.0_vcvarsall_x86.cmd" >nul
cl /Zm800 -nologo @"bin.v2\libs\math\config\msvc-12.0\dbg\thrd-mlt\has_gcc_visibility.obj.rsp" 

...failed compile-c-c++ bin.v2\libs\math\config\msvc-12.0\dbg\thrd-mlt\has_gcc_visibility.obj...
...failed updating 1 target...
...updated 5 targets...
...patience...
...found 191 targets...
...updating 1 target...
compile-c-c++ bin.v2\libs\math\config\msvc-12.0\dbg\thrd-mlt\has_long_double_support.obj
has_long_double_support.cpp
...updated 1 target...
...found 1 target...
...updating 1 target...
compile-c-c++ bin.v2\standalone\ac\msvc-12.0\dbg\lnk-sttc\thrd-mlt\zlib.h.obj
zlib.h.cpp
bin.v2\standalone\ac\zlib.h.cpp(1) : fatal error C1083: Cannot open include file: 'zlib.h': No such file or directory

    call "C:\Users\STEPHA~1\AppData\Local\Temp\b2_msvc_12.0_vcvarsall_x86.cmd" >nul
cl /Zm800 -nologo @"bin.v2\standalone\ac\msvc-12.0\dbg\lnk-sttc\thrd-mlt\zlib.h.obj.rsp" 

...failed compile-c-c++ bin.v2\standalone\ac\msvc-12.0\dbg\lnk-sttc\thrd-mlt\zlib.h.obj...
...failed updating 1 target...
...found 1 target...
...updating 1 target...
config-cache.write bin.v2\project-cache.jam
...updated 1 target...
